Build started 7/22/2012 10:34:54 PM.
     1>Project "C:\Users\Patrick Lynch\CinderProjects\GPUParticles\vc10\GPUParticles.vcxproj" on node 2 (build target(s)).
     1>InitializeBuildStatus:
         Creating "Debug\GPUParticles.unsuccessfulbuild" because "AlwaysCreate" was specified.
       ClCompile:
         All outputs are up-to-date.
       ResourceCompile:
         C:\Program Files (x86)\Microsoft SDKs\Windows\v7.0A\bin\rc.exe /D _UNICODE /D UNICODE /l"0x0409" /I..\..\cinder_0.8.4_vc2010\include /I..\include /nologo /fo"Debug\Resources.res" Resources.rc 
       ManifestResourceCompile:
         All outputs are up-to-date.
       Link:
         C:\Program Files (x86)\Microsoft Visual Studio 10.0\VC\bin\link.exe /ERRORREPORT:PROMPT /OUT:"C:\Users\Patrick Lynch\CinderProjects\GPUParticles\vc10\Debug\GPUParticles.exe" /INCREMENTAL /NOLOGO /LIBPATH:..\..\cinder_0.8.4_vc2010\lib /LIBPATH:..\..\cinder_0.8.4_vc2010\lib\msw cinder_d.lib kernel32.lib user32.lib gdi32.lib winspool.lib comdlg32.lib advapi32.lib shell32.lib ole32.lib oleaut32.lib uuid.lib odbc32.lib odbccp32.lib /NODEFAULTLIB:LIBCMT /MANIFEST /ManifestFile:"Debug\GPUParticles.exe.intermediate.manifest" /MANIFESTUAC:"level='asInvoker' uiAccess='false'" /DEBUG /PDB:"C:\Users\Patrick Lynch\CinderProjects\GPUParticles\vc10\Debug\GPUParticles.pdb" /SUBSYSTEM:WINDOWS /TLBID:1 /DYNAMICBASE:NO /IMPLIB:"C:\Users\Patrick Lynch\CinderProjects\GPUParticles\vc10\Debug\GPUParticles.lib" /MACHINE:X86 Debug\Resources.res
         Debug\GPUParticles.exe.embed.manifest.res
         Debug\GPUParticlesApp.obj
       Manifest:
         C:\Program Files (x86)\Microsoft SDKs\Windows\v7.0A\bin\mt.exe /nologo /verbose /out:"Debug\GPUParticles.exe.embed.manifest" /manifest Debug\GPUParticles.exe.intermediate.manifest
         All outputs are up-to-date.
       LinkEmbedManifest:
         All outputs are up-to-date.
         GPUParticles.vcxproj -> C:\Users\Patrick Lynch\CinderProjects\GPUParticles\vc10\Debug\GPUParticles.exe
       FinalizeBuildStatus:
         Deleting file "Debug\GPUParticles.unsuccessfulbuild".
         Touching "Debug\GPUParticles.lastbuildstate".
     1>Done Building Project "C:\Users\Patrick Lynch\CinderProjects\GPUParticles\vc10\GPUParticles.vcxproj" (build target(s)).

Build succeeded.

Time Elapsed 00:00:00.47
